<?xml version="1.0" encoding="UTF-8"?>
<!-- Generated by org.testng.reporters.JUnitReportReporter -->
<testsuite hostname="SowmyaV" failures="0" tests="4" name="api.test.UserTests" time="3.061" errors="0" timestamp="2024-07-04T16:33:56 CDT" skipped="0">
  <testcase classname="api.test.UserTests" name="testPostUser" time="2.362"/>
  <testcase classname="api.test.UserTests" name="testGetUserByName" time="0.193"/>
  <testcase classname="api.test.UserTests" name="testUpdateUserByName" time="0.351"/>
  <testcase classname="api.test.UserTests" name="testDeleteUserByName" time="0.155"/>
</testsuite> <!-- api.test.UserTests -->
